{
  "stats": {
    "suites": 1,
    "tests": 9,
    "passes": 2,
    "pending": 0,
    "failures": 7,
    "start": "2024-04-08T09:17:54.768Z",
    "end": "2024-04-08T09:18:02.526Z",
    "duration": 7758,
    "testsRegistered": 9,
    "passPercent": 22.22222222222222,
    "pendingPercent": 0,
    "other": 0,
    "hasOther": false,
    "skipped": 0,
    "hasSkipped": false
  },
  "results": [
    {
      "uuid": "534a0da2-d9ac-47ab-b6c7-b18793f64241",
      "title": "",
      "fullFile": "cypress\\e2e\\frontend\\home.cy.js",
      "file": "cypress\\e2e\\frontend\\home.cy.js",
      "beforeHooks": [],
      "afterHooks": [],
      "tests": [],
      "suites": [
        {
          "uuid": "b3ebd353-a3ea-46e0-8653-aa788cbc91ab",
          "title": "Page /",
          "fullFile": "",
          "file": "",
          "beforeHooks": [],
          "afterHooks": [],
          "tests": [
            {
              "title": "fetch products",
              "fullTitle": "Page / fetch products",
              "timedOut": null,
              "duration": 1101,
              "state": "failed",
              "speed": null,
              "pass": false,
              "fail": true,
              "pending": false,
              "context": null,
              "code": "// Note : Test le scénario de récupération et d'affichage de tous les produits\ncy.visit(url);\ncy.get(\"[data-test-product]\").should(\"have.length\", 17);",
              "err": {
                "message": "CypressError: `cy.visit()` failed trying to load:\n\nhttp://localhost:5173/\n\nWe attempted to make an http request to this URL but the request failed without a response.\n\nWe received this error at the network level:\n\n  > Error: connect ECONNREFUSED 127.0.0.1:5173\n\nCommon situations why this would fail:\n  - you don't have internet access\n  - you forgot to run / boot your web server\n  - your web server isn't accessible\n  - you have weird network configuration settings on your computer",
                "estack": "CypressError: `cy.visit()` failed trying to load:\n\nhttp://localhost:5173/\n\nWe attempted to make an http request to this URL but the request failed without a response.\n\nWe received this error at the network level:\n\n  > Error: connect ECONNREFUSED 127.0.0.1:5173\n\nCommon situations why this would fail:\n  - you don't have internet access\n  - you forgot to run / boot your web server\n  - your web server isn't accessible\n  - you have weird network configuration settings on your computer\n    at <unknown> (http://localhost:51127/__cypress/runner/cypress_runner.js:131065:74)\n    at visitFailedByErr (http://localhost:51127/__cypress/runner/cypress_runner.js:130463:12)\n    at <unknown> (http://localhost:51127/__cypress/runner/cypress_runner.js:131064:11)\n    at tryCatcher (http://localhost:51127/__cypress/runner/cypress_runner.js:1807:23)\n    at Promise._settlePromiseFromHandler (http://localhost:51127/__cypress/runner/cypress_runner.js:1519:31)\n    at Promise._settlePromise (http://localhost:51127/__cypress/runner/cypress_runner.js:1576:18)\n    at Promise._settlePromise0 (http://localhost:51127/__cypress/runner/cypress_runner.js:1621:10)\n    at Promise._settlePromises (http://localhost:51127/__cypress/runner/cypress_runner.js:1697:18)\n    at _drainQueueStep (http://localhost:51127/__cypress/runner/cypress_runner.js:2407:12)\n    at _drainQueue (http://localhost:51127/__cypress/runner/cypress_runner.js:2400:9)\n    at Async._drainQueues (http://localhost:51127/__cypress/runner/cypress_runner.js:2416:5)\n    at Async.drainQueues (http://localhost:51127/__cypress/runner/cypress_runner.js:2286:14)\nFrom Your Spec Code:\n    at Context.eval (webpack://frontend/./cypress/e2e/frontend/home.cy.js:14:7)\n\nFrom Node.js Internals:\n  Error: connect ECONNREFUSED 127.0.0.1:5173\n      at TCPConnectWrap.afterConnect [as oncomplete] (node:net:1495:16)",
                "diff": null
              },
              "uuid": "c0f9b985-8cfb-4ebb-aa57-3d0d291502da",
              "parentUUID": "b3ebd353-a3ea-46e0-8653-aa788cbc91ab",
              "isHook": false,
              "skipped": false
            },
            {
              "title": "display product with past end date and last bid price",
              "fullTitle": "Page / display product with past end date and last bid price",
              "timedOut": null,
              "duration": 101,
              "state": "passed",
              "speed": "fast",
              "pass": true,
              "fail": false,
              "pending": false,
              "context": null,
              "code": "// Note : Vérifie que tous les éléments d'un produit sont bien affichés\n// Note : Si la date de fin est passée, afficher \"Terminé\"\n// Note : Si une offre existe pour le produit, afficher \"Prix actuel : <montant de l'offre>\"\n(0, _orm.createProduct)(\"past\").then(({\n  product\n}) => {\n  (0, _orm.createBid)(product.id, product.originalPrice, _tokens.bobToken).then(({\n    bid\n  }) => {\n    cy.visit(url);\n    cy.get(\"[data-test-product]\").should(\"have.length\", 18);\n    cy.get(`[data-test-product-name]:contains(\"${name}\")`).should(\"exist\").first().closest(\"[data-test-product]\").then(el => {\n      cy.wrap(el).find(\"[data-test-product-name]\").invoke(\"attr\", \"href\").should(\"include\", product.id);\n      cy.wrap(el).find(\"[data-test-product-description]\").should(\"have.text\", product.description);\n      cy.wrap(el).find(\"[data-test-product-seller]\").should(\"have.text\", \"alice\").invoke(\"attr\", \"href\").should(\"include\", _tokens.aliceId);\n      cy.wrap(el).find(\"[data-test-product-date]\").should(\"contain.text\", \"Terminé\");\n      cy.wrap(el).find(\"[data-test-product-price]\").should(\"contain.text\", \"Prix actuel\").should(\"contain.text\", \" \" + bid.price + \" €\");\n    });\n  }).catch(() => {\n    expect.fail(\"Bid creation fail\");\n  });\n});",
              "err": {},
              "uuid": "a26e67e6-ba86-4264-9fb3-ce54c77165ab",
              "parentUUID": "b3ebd353-a3ea-46e0-8653-aa788cbc91ab",
              "isHook": false,
              "skipped": false
            },
            {
              "title": "display product with futur end date and original price (cause there not yet any bid)",
              "fullTitle": "Page / display product with futur end date and original price (cause there not yet any bid)",
              "timedOut": null,
              "duration": 91,
              "state": "passed",
              "speed": "fast",
              "pass": true,
              "fail": false,
              "pending": false,
              "context": null,
              "code": "// Note : Vérifie que tous les éléments d'un produit sont bien affichés\n// Note : Si la date de fin n'est pas passée, afficher \"En cours jusqu'au <date de fin>\"\n// Note : Si aucune une offre n'existe pour le produit, afficher \"Prix de départ : <prix de départ>\"\n(0, _orm.createProduct)().then(({\n  product\n}) => {\n  cy.visit(url);\n  cy.get(\"[data-test-product]\").should(\"have.length\", 18);\n  cy.get(`[data-test-product-name]:contains(\"${name}\")`).should(\"exist\").first().closest(\"[data-test-product]\").then(el => {\n    cy.wrap(el).find(\"[data-test-product-description]\").should(\"have.text\", product.description);\n    cy.wrap(el).find(\"[data-test-product-seller]\").should(\"have.text\", \"alice\").invoke(\"attr\", \"href\").should(\"include\", _tokens.aliceId);\n    cy.wrap(el).find(\"[data-test-product-date]\").should(\"contain.text\", \"En cours jusqu'au\");\n    cy.wrap(el).find(\"[data-test-product-price]\").should(\"contain.text\", \"Prix de départ\").should(\"contain.text\", \" \" + product.originalPrice + \" €\");\n  });\n});",
              "err": {},
              "uuid": "b0a98ec0-ccd2-4018-a012-5d77ccea1973",
              "parentUUID": "b3ebd353-a3ea-46e0-8653-aa788cbc91ab",
              "isHook": false,
              "skipped": false
            },
            {
              "title": "filter by name",
              "fullTitle": "Page / filter by name",
              "timedOut": null,
              "duration": 1015,
              "state": "failed",
              "speed": null,
              "pass": false,
              "fail": true,
              "pending": false,
              "context": null,
              "code": "// Note : Vérifie le filtrage par nom, insensible à la casse\ncy.visit(url);\ncy.get(\"[data-test-product]\").should(\"have.length\", 17);\ncy.get(\"[data-test-filter\").type(\"Lot\");\ncy.get(\"[data-test-product]\").should(\"have.length\", 3);\ncy.get(\"[data-test-filter\").type(\"{selectAll}{del}\");\ncy.get(\"[data-test-filter\").type(\"lot\");\ncy.get(\"[data-test-product]\").should(\"have.length\", 3);\ncy.get(\"[data-test-filter\").type(\"{selectAll}{del}\");\ncy.get(\"[data-test-filter\").type(\"lot de tasses\");\ncy.get(\"[data-test-product]\").should(\"have.length\", 1);",
              "err": {
                "message": "CypressError: `cy.visit()` failed trying to load:\n\nhttp://localhost:5173/\n\nWe attempted to make an http request to this URL but the request failed without a response.\n\nWe received this error at the network level:\n\n  > Error: connect ECONNREFUSED 127.0.0.1:5173\n\nCommon situations why this would fail:\n  - you don't have internet access\n  - you forgot to run / boot your web server\n  - your web server isn't accessible\n  - you have weird network configuration settings on your computer",
                "estack": "CypressError: `cy.visit()` failed trying to load:\n\nhttp://localhost:5173/\n\nWe attempted to make an http request to this URL but the request failed without a response.\n\nWe received this error at the network level:\n\n  > Error: connect ECONNREFUSED 127.0.0.1:5173\n\nCommon situations why this would fail:\n  - you don't have internet access\n  - you forgot to run / boot your web server\n  - your web server isn't accessible\n  - you have weird network configuration settings on your computer\n    at <unknown> (http://localhost:51127/__cypress/runner/cypress_runner.js:131065:74)\n    at visitFailedByErr (http://localhost:51127/__cypress/runner/cypress_runner.js:130463:12)\n    at <unknown> (http://localhost:51127/__cypress/runner/cypress_runner.js:131064:11)\n    at tryCatcher (http://localhost:51127/__cypress/runner/cypress_runner.js:1807:23)\n    at Promise._settlePromiseFromHandler (http://localhost:51127/__cypress/runner/cypress_runner.js:1519:31)\n    at Promise._settlePromise (http://localhost:51127/__cypress/runner/cypress_runner.js:1576:18)\n    at Promise._settlePromise0 (http://localhost:51127/__cypress/runner/cypress_runner.js:1621:10)\n    at Promise._settlePromises (http://localhost:51127/__cypress/runner/cypress_runner.js:1697:18)\n    at _drainQueueStep (http://localhost:51127/__cypress/runner/cypress_runner.js:2407:12)\n    at _drainQueue (http://localhost:51127/__cypress/runner/cypress_runner.js:2400:9)\n    at Async._drainQueues (http://localhost:51127/__cypress/runner/cypress_runner.js:2416:5)\n    at Async.drainQueues (http://localhost:51127/__cypress/runner/cypress_runner.js:2286:14)\nFrom Your Spec Code:\n    at Context.eval (webpack://frontend/./cypress/e2e/frontend/home.cy.js:107:7)\n\nFrom Node.js Internals:\n  Error: connect ECONNREFUSED 127.0.0.1:5173\n      at TCPConnectWrap.afterConnect [as oncomplete] (node:net:1495:16)",
                "diff": null
              },
              "uuid": "44f0618b-3130-49ad-b7e8-2ea3630815ff",
              "parentUUID": "b3ebd353-a3ea-46e0-8653-aa788cbc91ab",
              "isHook": false,
              "skipped": false
            },
            {
              "title": "sort by name",
              "fullTitle": "Page / sort by name",
              "timedOut": null,
              "duration": 1088,
              "state": "failed",
              "speed": null,
              "pass": false,
              "fail": true,
              "pending": false,
              "context": null,
              "code": "// Note : Vérifie le tri par nom, alphabétique de A à Z\ncy.visit(url);\ncy.get(\"[data-test-sorter]\").should(\"contain.text\", \"Trier par nom\");\ncy.get(\"[data-test-product]\").first().find(\"[data-test-product-name]\").should(\"have.text\", \"Ampli de guitare\");\ncy.get(\"[data-test-product]\").last().find(\"[data-test-product-name]\").should(\"have.text\", \"Théière design\");",
              "err": {
                "message": "CypressError: `cy.visit()` failed trying to load:\n\nhttp://localhost:5173/\n\nWe attempted to make an http request to this URL but the request failed without a response.\n\nWe received this error at the network level:\n\n  > Error: connect ECONNREFUSED 127.0.0.1:5173\n\nCommon situations why this would fail:\n  - you don't have internet access\n  - you forgot to run / boot your web server\n  - your web server isn't accessible\n  - you have weird network configuration settings on your computer",
                "estack": "CypressError: `cy.visit()` failed trying to load:\n\nhttp://localhost:5173/\n\nWe attempted to make an http request to this URL but the request failed without a response.\n\nWe received this error at the network level:\n\n  > Error: connect ECONNREFUSED 127.0.0.1:5173\n\nCommon situations why this would fail:\n  - you don't have internet access\n  - you forgot to run / boot your web server\n  - your web server isn't accessible\n  - you have weird network configuration settings on your computer\n    at <unknown> (http://localhost:51127/__cypress/runner/cypress_runner.js:131065:74)\n    at visitFailedByErr (http://localhost:51127/__cypress/runner/cypress_runner.js:130463:12)\n    at <unknown> (http://localhost:51127/__cypress/runner/cypress_runner.js:131064:11)\n    at tryCatcher (http://localhost:51127/__cypress/runner/cypress_runner.js:1807:23)\n    at Promise._settlePromiseFromHandler (http://localhost:51127/__cypress/runner/cypress_runner.js:1519:31)\n    at Promise._settlePromise (http://localhost:51127/__cypress/runner/cypress_runner.js:1576:18)\n    at Promise._settlePromise0 (http://localhost:51127/__cypress/runner/cypress_runner.js:1621:10)\n    at Promise._settlePromises (http://localhost:51127/__cypress/runner/cypress_runner.js:1697:18)\n    at _drainQueueStep (http://localhost:51127/__cypress/runner/cypress_runner.js:2407:12)\n    at _drainQueue (http://localhost:51127/__cypress/runner/cypress_runner.js:2400:9)\n    at Async._drainQueues (http://localhost:51127/__cypress/runner/cypress_runner.js:2416:5)\n    at Async.drainQueues (http://localhost:51127/__cypress/runner/cypress_runner.js:2286:14)\nFrom Your Spec Code:\n    at Context.eval (webpack://frontend/./cypress/e2e/frontend/home.cy.js:126:7)\n\nFrom Node.js Internals:\n  Error: connect ECONNREFUSED 127.0.0.1:5173\n      at TCPConnectWrap.afterConnect [as oncomplete] (node:net:1495:16)",
                "diff": null
              },
              "uuid": "c2895dcd-83d0-40dc-a002-1f43c6183a49",
              "parentUUID": "b3ebd353-a3ea-46e0-8653-aa788cbc91ab",
              "isHook": false,
              "skipped": false
            },
            {
              "title": "sort by price",
              "fullTitle": "Page / sort by price",
              "timedOut": null,
              "duration": 1028,
              "state": "failed",
              "speed": null,
              "pass": false,
              "fail": true,
              "pending": false,
              "context": null,
              "code": "// Note : Vérifie le tri par prix, numérique croissant\ncy.visit(url);\ncy.get(\"[data-test-sorter]\").click();\ncy.get(\"[data-test-sorter-price]\").click();\ncy.get(\"[data-test-sorter]\").should(\"contain.text\", \"Trier par prix\");\ncy.get(\"[data-test-product]\").first().find(\"[data-test-product-name]\").should(\"have.text\", \"Ananas\");\ncy.get(\"[data-test-product]\").last().find(\"[data-test-product-name]\").should(\"have.text\", \"Chaussures volantes\");",
              "err": {
                "message": "CypressError: `cy.visit()` failed trying to load:\n\nhttp://localhost:5173/\n\nWe attempted to make an http request to this URL but the request failed without a response.\n\nWe received this error at the network level:\n\n  > Error: connect ECONNREFUSED 127.0.0.1:5173\n\nCommon situations why this would fail:\n  - you don't have internet access\n  - you forgot to run / boot your web server\n  - your web server isn't accessible\n  - you have weird network configuration settings on your computer",
                "estack": "CypressError: `cy.visit()` failed trying to load:\n\nhttp://localhost:5173/\n\nWe attempted to make an http request to this URL but the request failed without a response.\n\nWe received this error at the network level:\n\n  > Error: connect ECONNREFUSED 127.0.0.1:5173\n\nCommon situations why this would fail:\n  - you don't have internet access\n  - you forgot to run / boot your web server\n  - your web server isn't accessible\n  - you have weird network configuration settings on your computer\n    at <unknown> (http://localhost:51127/__cypress/runner/cypress_runner.js:131065:74)\n    at visitFailedByErr (http://localhost:51127/__cypress/runner/cypress_runner.js:130463:12)\n    at <unknown> (http://localhost:51127/__cypress/runner/cypress_runner.js:131064:11)\n    at tryCatcher (http://localhost:51127/__cypress/runner/cypress_runner.js:1807:23)\n    at Promise._settlePromiseFromHandler (http://localhost:51127/__cypress/runner/cypress_runner.js:1519:31)\n    at Promise._settlePromise (http://localhost:51127/__cypress/runner/cypress_runner.js:1576:18)\n    at Promise._settlePromise0 (http://localhost:51127/__cypress/runner/cypress_runner.js:1621:10)\n    at Promise._settlePromises (http://localhost:51127/__cypress/runner/cypress_runner.js:1697:18)\n    at _drainQueueStep (http://localhost:51127/__cypress/runner/cypress_runner.js:2407:12)\n    at _drainQueue (http://localhost:51127/__cypress/runner/cypress_runner.js:2400:9)\n    at Async._drainQueues (http://localhost:51127/__cypress/runner/cypress_runner.js:2416:5)\n    at Async.drainQueues (http://localhost:51127/__cypress/runner/cypress_runner.js:2286:14)\nFrom Your Spec Code:\n    at Context.eval (webpack://frontend/./cypress/e2e/frontend/home.cy.js:144:7)\n\nFrom Node.js Internals:\n  Error: connect ECONNREFUSED 127.0.0.1:5173\n      at TCPConnectWrap.afterConnect [as oncomplete] (node:net:1495:16)",
                "diff": null
              },
              "uuid": "867dc601-dde2-438c-ab33-f20964578d1c",
              "parentUUID": "b3ebd353-a3ea-46e0-8653-aa788cbc91ab",
              "isHook": false,
              "skipped": false
            },
            {
              "title": "loading",
              "fullTitle": "Page / loading",
              "timedOut": null,
              "duration": 1048,
              "state": "failed",
              "speed": null,
              "pass": false,
              "fail": true,
              "pending": false,
              "context": null,
              "code": "// Note : Test la présence d'un spinner lors du chargement\ncy.intercept(\"http://localhost:3000/api/products\", {\n  delay: 10000\n});\ncy.visit(url);\ncy.get(\"[data-test-loading]\").should(\"exist\");\ncy.get(\"[data-test-error]\").should(\"not.exist\");\ncy.get(\"[data-test-product]\").should(\"not.exist\");",
              "err": {
                "message": "CypressError: `cy.visit()` failed trying to load:\n\nhttp://localhost:5173/\n\nWe attempted to make an http request to this URL but the request failed without a response.\n\nWe received this error at the network level:\n\n  > Error: connect ECONNREFUSED 127.0.0.1:5173\n\nCommon situations why this would fail:\n  - you don't have internet access\n  - you forgot to run / boot your web server\n  - your web server isn't accessible\n  - you have weird network configuration settings on your computer",
                "estack": "CypressError: `cy.visit()` failed trying to load:\n\nhttp://localhost:5173/\n\nWe attempted to make an http request to this URL but the request failed without a response.\n\nWe received this error at the network level:\n\n  > Error: connect ECONNREFUSED 127.0.0.1:5173\n\nCommon situations why this would fail:\n  - you don't have internet access\n  - you forgot to run / boot your web server\n  - your web server isn't accessible\n  - you have weird network configuration settings on your computer\n    at <unknown> (http://localhost:51127/__cypress/runner/cypress_runner.js:131065:74)\n    at visitFailedByErr (http://localhost:51127/__cypress/runner/cypress_runner.js:130463:12)\n    at <unknown> (http://localhost:51127/__cypress/runner/cypress_runner.js:131064:11)\n    at tryCatcher (http://localhost:51127/__cypress/runner/cypress_runner.js:1807:23)\n    at Promise._settlePromiseFromHandler (http://localhost:51127/__cypress/runner/cypress_runner.js:1519:31)\n    at Promise._settlePromise (http://localhost:51127/__cypress/runner/cypress_runner.js:1576:18)\n    at Promise._settlePromise0 (http://localhost:51127/__cypress/runner/cypress_runner.js:1621:10)\n    at Promise._settlePromises (http://localhost:51127/__cypress/runner/cypress_runner.js:1697:18)\n    at _drainQueueStep (http://localhost:51127/__cypress/runner/cypress_runner.js:2407:12)\n    at _drainQueue (http://localhost:51127/__cypress/runner/cypress_runner.js:2400:9)\n    at Async._drainQueues (http://localhost:51127/__cypress/runner/cypress_runner.js:2416:5)\n    at Async.drainQueues (http://localhost:51127/__cypress/runner/cypress_runner.js:2286:14)\nFrom Your Spec Code:\n    at Context.eval (webpack://frontend/./cypress/e2e/frontend/home.cy.js:169:7)\n\nFrom Node.js Internals:\n  Error: connect ECONNREFUSED 127.0.0.1:5173\n      at TCPConnectWrap.afterConnect [as oncomplete] (node:net:1495:16)",
                "diff": null
              },
              "uuid": "73539f3a-2dc4-40cb-8b62-4cd09304f75c",
              "parentUUID": "b3ebd353-a3ea-46e0-8653-aa788cbc91ab",
              "isHook": false,
              "skipped": false
            },
            {
              "title": "error message",
              "fullTitle": "Page / error message",
              "timedOut": null,
              "duration": 1061,
              "state": "failed",
              "speed": null,
              "pass": false,
              "fail": true,
              "pending": false,
              "context": null,
              "code": "// Note : Test la présence d'un message d'erreur en cas d'échec au chargement\ncy.intercept(\"http://localhost:3000/api/products\", {\n  status: 500,\n  response: {}\n});\ncy.visit(url);\ncy.get(\"[data-test-loading]\").should(\"not.exist\");\ncy.get(\"[data-test-error]\").should(\"exist\");\ncy.get(\"[data-test-product]\").should(\"not.exist\");",
              "err": {
                "message": "CypressError: `cy.visit()` failed trying to load:\n\nhttp://localhost:5173/\n\nWe attempted to make an http request to this URL but the request failed without a response.\n\nWe received this error at the network level:\n\n  > Error: connect ECONNREFUSED 127.0.0.1:5173\n\nCommon situations why this would fail:\n  - you don't have internet access\n  - you forgot to run / boot your web server\n  - your web server isn't accessible\n  - you have weird network configuration settings on your computer",
                "estack": "CypressError: `cy.visit()` failed trying to load:\n\nhttp://localhost:5173/\n\nWe attempted to make an http request to this URL but the request failed without a response.\n\nWe received this error at the network level:\n\n  > Error: connect ECONNREFUSED 127.0.0.1:5173\n\nCommon situations why this would fail:\n  - you don't have internet access\n  - you forgot to run / boot your web server\n  - your web server isn't accessible\n  - you have weird network configuration settings on your computer\n    at <unknown> (http://localhost:51127/__cypress/runner/cypress_runner.js:131065:74)\n    at visitFailedByErr (http://localhost:51127/__cypress/runner/cypress_runner.js:130463:12)\n    at <unknown> (http://localhost:51127/__cypress/runner/cypress_runner.js:131064:11)\n    at tryCatcher (http://localhost:51127/__cypress/runner/cypress_runner.js:1807:23)\n    at Promise._settlePromiseFromHandler (http://localhost:51127/__cypress/runner/cypress_runner.js:1519:31)\n    at Promise._settlePromise (http://localhost:51127/__cypress/runner/cypress_runner.js:1576:18)\n    at Promise._settlePromise0 (http://localhost:51127/__cypress/runner/cypress_runner.js:1621:10)\n    at Promise._settlePromises (http://localhost:51127/__cypress/runner/cypress_runner.js:1697:18)\n    at _drainQueueStep (http://localhost:51127/__cypress/runner/cypress_runner.js:2407:12)\n    at _drainQueue (http://localhost:51127/__cypress/runner/cypress_runner.js:2400:9)\n    at Async._drainQueues (http://localhost:51127/__cypress/runner/cypress_runner.js:2416:5)\n    at Async.drainQueues (http://localhost:51127/__cypress/runner/cypress_runner.js:2286:14)\nFrom Your Spec Code:\n    at Context.eval (webpack://frontend/./cypress/e2e/frontend/home.cy.js:184:7)\n\nFrom Node.js Internals:\n  Error: connect ECONNREFUSED 127.0.0.1:5173\n      at TCPConnectWrap.afterConnect [as oncomplete] (node:net:1495:16)",
                "diff": null
              },
              "uuid": "c5a7ac84-920f-4b61-907c-fede6e1a74fa",
              "parentUUID": "b3ebd353-a3ea-46e0-8653-aa788cbc91ab",
              "isHook": false,
              "skipped": false
            },
            {
              "title": "ready",
              "fullTitle": "Page / ready",
              "timedOut": null,
              "duration": 1033,
              "state": "failed",
              "speed": null,
              "pass": false,
              "fail": true,
              "pending": false,
              "context": null,
              "code": "// Note : Test la présence du contenu après que tout est bien chargé\ncy.intercept(\"http://localhost:3000/api/products\");\ncy.visit(url);\ncy.get(\"[data-test-loading]\").should(\"not.exist\");\ncy.get(\"[data-test-error]\").should(\"not.exist\");\ncy.get(\"[data-test-product]\").should(\"exist\");",
              "err": {
                "message": "CypressError: `cy.visit()` failed trying to load:\n\nhttp://localhost:5173/\n\nWe attempted to make an http request to this URL but the request failed without a response.\n\nWe received this error at the network level:\n\n  > Error: connect ECONNREFUSED 127.0.0.1:5173\n\nCommon situations why this would fail:\n  - you don't have internet access\n  - you forgot to run / boot your web server\n  - your web server isn't accessible\n  - you have weird network configuration settings on your computer",
                "estack": "CypressError: `cy.visit()` failed trying to load:\n\nhttp://localhost:5173/\n\nWe attempted to make an http request to this URL but the request failed without a response.\n\nWe received this error at the network level:\n\n  > Error: connect ECONNREFUSED 127.0.0.1:5173\n\nCommon situations why this would fail:\n  - you don't have internet access\n  - you forgot to run / boot your web server\n  - your web server isn't accessible\n  - you have weird network configuration settings on your computer\n    at <unknown> (http://localhost:51127/__cypress/runner/cypress_runner.js:131065:74)\n    at visitFailedByErr (http://localhost:51127/__cypress/runner/cypress_runner.js:130463:12)\n    at <unknown> (http://localhost:51127/__cypress/runner/cypress_runner.js:131064:11)\n    at tryCatcher (http://localhost:51127/__cypress/runner/cypress_runner.js:1807:23)\n    at Promise._settlePromiseFromHandler (http://localhost:51127/__cypress/runner/cypress_runner.js:1519:31)\n    at Promise._settlePromise (http://localhost:51127/__cypress/runner/cypress_runner.js:1576:18)\n    at Promise._settlePromise0 (http://localhost:51127/__cypress/runner/cypress_runner.js:1621:10)\n    at Promise._settlePromises (http://localhost:51127/__cypress/runner/cypress_runner.js:1697:18)\n    at _drainQueueStep (http://localhost:51127/__cypress/runner/cypress_runner.js:2407:12)\n    at _drainQueue (http://localhost:51127/__cypress/runner/cypress_runner.js:2400:9)\n    at Async._drainQueues (http://localhost:51127/__cypress/runner/cypress_runner.js:2416:5)\n    at Async.drainQueues (http://localhost:51127/__cypress/runner/cypress_runner.js:2286:14)\nFrom Your Spec Code:\n    at Context.eval (webpack://frontend/./cypress/e2e/frontend/home.cy.js:196:7)\n\nFrom Node.js Internals:\n  Error: connect ECONNREFUSED 127.0.0.1:5173\n      at TCPConnectWrap.afterConnect [as oncomplete] (node:net:1495:16)",
                "diff": null
              },
              "uuid": "ceb7def9-96e0-4ee4-b6e1-fcb7a917a920",
              "parentUUID": "b3ebd353-a3ea-46e0-8653-aa788cbc91ab",
              "isHook": false,
              "skipped": false
            }
          ],
          "suites": [],
          "passes": [
            "a26e67e6-ba86-4264-9fb3-ce54c77165ab",
            "b0a98ec0-ccd2-4018-a012-5d77ccea1973"
          ],
          "failures": [
            "c0f9b985-8cfb-4ebb-aa57-3d0d291502da",
            "44f0618b-3130-49ad-b7e8-2ea3630815ff",
            "c2895dcd-83d0-40dc-a002-1f43c6183a49",
            "867dc601-dde2-438c-ab33-f20964578d1c",
            "73539f3a-2dc4-40cb-8b62-4cd09304f75c",
            "c5a7ac84-920f-4b61-907c-fede6e1a74fa",
            "ceb7def9-96e0-4ee4-b6e1-fcb7a917a920"
          ],
          "pending": [],
          "skipped": [],
          "duration": 7566,
          "root": false,
          "rootEmpty": false,
          "_timeout": 2000
        }
      ],
      "passes": [],
      "failures": [],
      "pending": [],
      "skipped": [],
      "duration": 0,
      "root": true,
      "rootEmpty": true,
      "_timeout": 2000
    }
  ],
  "meta": {
    "mocha": {
      "version": "7.0.1"
    },
    "mochawesome": {
      "options": {
        "quiet": false,
        "reportFilename": "mochawesome",
        "saveHtml": false,
        "saveJson": true,
        "consoleReporter": "spec",
        "useInlineDiffs": false,
        "code": true
      },
      "version": "7.1.3"
    },
    "marge": {
      "options": {
        "reportDir": "cypress/results",
        "overwrite": false,
        "html": false,
        "json": true
      },
      "version": "6.2.0"
    }
  }
}